This is pdfTeX, Version 3.14159265-2.6-1.40.20 (TeX Live 2019/Debian) (preloaded format=pdflatex 2021.11.5)  10 NOV 2021 23:18
entering extended mode
 restricted \write18 enabled.
 %&-line parsing enabled.
**document.tex
(./document.tex
LaTeX2e <2020-02-02> patch level 2
L3 programming layer <2020-02-14> (./Rpd.cls
Document Class: Rpd 2004/04/08 0.1
(./crop.sty
Package: crop 2001/11/16 v1.6 cropmarks (mf)
\CROP@width=\dimen134
\CROP@height=\dimen135
\CROP@index=\count167
 (./graphics.sty
Package: graphics 1999/02/16 v1.0l Standard LaTeX Graphics (DPC,SPQR)
 (./trig.sty
Package: trig 1999/03/16 v1.09 sin cos tan (DPC)
) (./graphics.cfg)
Package graphics Info: Driver file: dvipsone.def on input line 80.

(/usr/share/texlive/texmf-dist/tex/latex/graphics/dvipsone.def
File: dvipsone.def 2016/06/17 v3.0m Driver-dependent file (DPC,SPQR)
))
\CROP@offset=\count168
Package crop Info: Local config file crop.cfg used on input line 344.
 (./crop.cfg))
(./graphicx.sty
Package: graphicx 1999/02/16 v1.0f Enhanced LaTeX Graphics (DPC,SPQR)
 (./keyval.sty
Package: keyval 1999/03/16 v1.13 key=value parser (DPC)
\KV@toks@=\toks14
)
\Gin@req@height=\dimen136
\Gin@req@width=\dimen137
) (./amsmath.sty
Package: amsmath 2000/07/18 v2.13 AMS math features
\@mathmargin=\skip47

For additional information on amsmath, use the `?' option.
(./amstext.sty
Package: amstext 2000/06/29 v2.01
 (./amsgen.sty
File: amsgen.sty 1999/11/30 v2.0
\@emptytoks=\toks15
\ex@=\dimen138
)) (./amsbsy.sty
Package: amsbsy 1999/11/29 v1.2d
\pmbraise@=\dimen139
) (./amsopn.sty
Package: amsopn 1999/12/14 v2.01 operator names
)
\inf@bad=\count169
LaTeX Info: Redefining \frac on input line 211.
\uproot@=\count170
\leftroot@=\count171
LaTeX Info: Redefining \overline on input line 307.
\classnum@=\count172
\DOTSCASE@=\count173
LaTeX Info: Redefining \ldots on input line 379.
LaTeX Info: Redefining \dots on input line 382.
LaTeX Info: Redefining \cdots on input line 467.
\Mathstrutbox@=\box45
\strutbox@=\box46
\big@size=\dimen140
LaTeX Font Info:    Redeclaring font encoding OML on input line 567.
LaTeX Font Info:    Redeclaring font encoding OMS on input line 568.


Package amsmath Warning: Unable to redefine math accent \hat.


Package amsmath Warning: Unable to redefine math accent \check.


Package amsmath Warning: Unable to redefine math accent \tilde.


Package amsmath Warning: Unable to redefine math accent \acute.


Package amsmath Warning: Unable to redefine math accent \grave.


Package amsmath Warning: Unable to redefine math accent \dot.


Package amsmath Warning: Unable to redefine math accent \ddot.


Package amsmath Warning: Unable to redefine math accent \breve.


Package amsmath Warning: Unable to redefine math accent \bar.


Package amsmath Warning: Unable to redefine math accent \vec.


Package amsmath Warning: Unable to redefine math accent \mathring.

\macc@depth=\count174
\c@MaxMatrixCols=\count175
\dotsspace@=\muskip16
\c@parentequation=\count176
\dspbrk@lvl=\count177
\tag@help=\toks16
\row@=\count178
\column@=\count179
\maxfields@=\count180
\andhelp@=\toks17
\eqnshift@=\dimen141
\alignsep@=\dimen142
\tagshift@=\dimen143
\tagwidth@=\dimen144
\totwidth@=\dimen145
\lineht@=\dimen146
\@envbody=\toks18
\multlinegap=\skip48
\multlinetaggap=\skip49
\mathdisplay@stack=\toks19
LaTeX Info: Redefining \[ on input line 2666.
LaTeX Info: Redefining \] on input line 2667.
) (./color.sty
Package: color 1999/02/16 v1.0i Standard LaTeX Color (DPC)
 (./color.cfg)
Package color Info: Driver file: dvipsone.def on input line 125.
) (./amssymb.sty
Package: amssymb 1996/11/03 v2.2b
 (./amsfonts.sty
Package: amsfonts 1996/11/03 v2.2c
\symAMSa=\mathgroup4
\symAMSb=\mathgroup5
LaTeX Font Info:    Redeclaring math symbol \hbar on input line 119.
LaTeX Font Info:    Overwriting math alphabet `\mathfrak' in version `bold'
(Font)                  U/euf/m/n --> U/euf/b/n on input line 128.
)) (./amsthm.sty
Package: amsthm 2000/10/26 v2.08
\thm@style=\toks20
\thm@bodyfont=\toks21
\thm@headfont=\toks22
\thm@notefont=\toks23
\thm@headpunct=\toks24
\thm@preskip=\skip50
\thm@postskip=\skip51
\thm@headsep=\skip52
\dth@everypar=\toks25
)
(./times.sty
Package: times 2000/01/12 PSNFSS-v8.1 Times font as default roman (SPQR) 
) (./flushend.sty
Package: flushend 1997/10/01
\@aaa=\box47
\@ccc=\box48
\@viper=\box49
\hold@viper=\box50
\atColsBreak=\toks26
\@extra@skip=\dimen147
\@nd@page@rule=\dimen148
)
\fullwidth=\skip53
\c@section=\count181
\c@subsection=\count182
\c@subsubsection=\count183
\c@paragraph=\count184
\c@subparagraph=\count185
\c@figure=\count186
\c@table=\count187
\dropfromtop=\skip54
\extraspace=\skip55
\t@abstract=\box51
\abovecaptionskip=\skip56
\belowcaptionskip=\skip57
\rotdimen=\dimen149
\tempdime=\dimen150
\temptbox=\box52
)
(/usr/share/texlive/texmf-dist/tex/latex/l3backend/l3backend-pdfmode.def
File: l3backend-pdfmode.def 2020-02-03 L3 backend support: PDF mode
\l__kernel_color_stack_int=\count188
\l__pdf_internal_box=\box53
)
(./document.aux)
\openout1 = `document.aux'.

LaTeX Font Info:    Checking defaults for OML/cmm/m/it on input line 4.
LaTeX Font Info:    ... okay on input line 4.
LaTeX Font Info:    Checking defaults for OMS/cmsy/m/n on input line 4.
LaTeX Font Info:    ... okay on input line 4.
LaTeX Font Info:    Checking defaults for OT1/cmr/m/n on input line 4.
LaTeX Font Info:    ... okay on input line 4.
LaTeX Font Info:    Checking defaults for T1/cmr/m/n on input line 4.
LaTeX Font Info:    ... okay on input line 4.
LaTeX Font Info:    Checking defaults for TS1/cmr/m/n on input line 4.
LaTeX Font Info:    ... okay on input line 4.
LaTeX Font Info:    Checking defaults for OMX/cmex/m/n on input line 4.
LaTeX Font Info:    ... okay on input line 4.
LaTeX Font Info:    Checking defaults for U/cmr/m/n on input line 4.
LaTeX Font Info:    ... okay on input line 4.
LaTeX Font Info:    Trying to load font information for OT1+ptm on input line 4
.
 (/usr/share/texlive/texmf-dist/tex/latex/psnfss/ot1ptm.fd
File: ot1ptm.fd 2001/06/04 font definitions for OT1/ptm.
)

LaTeX Font Warning: Font shape `OT1/cmr/m/n' in size <6.5> not available
(Font)              size <6> substituted on input line 25.


LaTeX Font Warning: Font shape `OML/cmm/m/it' in size <6.5> not available
(Font)              size <6> substituted on input line 25.


LaTeX Font Warning: Font shape `OMS/cmsy/m/n' in size <6.5> not available
(Font)              size <6> substituted on input line 25.

LaTeX Font Info:    Trying to load font information for U+msa on input line 25.

(/usr/share/texlive/texmf-dist/tex/latex/amsfonts/umsa.fd
File: umsa.fd 2013/01/14 v3.01 AMS symbols A
)
LaTeX Font Info:    Trying to load font information for U+msb on input line 25.


(/usr/share/texlive/texmf-dist/tex/latex/amsfonts/umsb.fd
File: umsb.fd 2013/01/14 v3.01 AMS symbols B
)
LaTeX Font Info:    Trying to load font information for TS1+ptm on input line 2
5.

(/usr/share/texlive/texmf-dist/tex/latex/psnfss/ts1ptm.fd
File: ts1ptm.fd 2001/06/04 font definitions for TS1/ptm.
) [1
Non-PDF special ignored!
<special> color push
Non-PDF special ignored!
<special> color gray 0
Non-PDF special ignored!
<special> color pop
Non-PDF special ignored!
<special> color push
Non-PDF special ignored!
<special> color gray 0

{/var/lib/texmf/fonts/map/pdftex/updmap/pdftex.map}
Non-PDF special ignored!
<special> color pop


Non-PDF special ignored!
<special> color push
Non-PDF special ignored!
<special> color gray 0
Non-PDF special ignored!
<special> color pop
Non-PDF special ignored!
<special> color push
Non-PDF special ignored!
<special> color gray 0
Non-PDF special ignored!
<special> color pop
Non-PDF special ignored!
<special> color push
Non-PDF special ignored!
<special> color gray 0
Non-PDF special ignored!
<special> color pop
Non-PDF special ignored!
<special> color push
Non-PDF special ignored!
<special> color gray 0
Non-PDF special ignored!
<special> color pop
Non-PDF special ignored!
<special> color push
Non-PDF special ignored!
<special> color gray 0
Non-PDF special ignored!
<special> color pop
Non-PDF special ignored!
<special> color push
Non-PDF special ignored!
<special> color gray 0
Non-PDF special ignored!
<special> color pop
] [2
Non-PDF special ignored!
<special> color push
Non-PDF special ignored!
<special> color gray 0
Non-PDF special ignored!
<special> color pop
Non-PDF special ignored!
<special> color push
Non-PDF special ignored!
<special> color gray 0
Non-PDF special ignored!
<special> color pop
Non-PDF special ignored!
<special> color push
Non-PDF special ignored!
<special> color gray 0
Non-PDF special ignored!
<special> color pop
Non-PDF special ignored!
<special> color push
Non-PDF special ignored!
<special> color gray 0
Non-PDF special ignored!
<special> color pop
Non-PDF special ignored!
<special> color push
Non-PDF special ignored!
<special> color gray 0
Non-PDF special ignored!
<special> color pop
]
Underfull \vbox (badness 10000) has occurred while \output is active []


Underfull \hbox (badness 2521) in paragraph at lines 156--157
[]\OT1/ptm/m/n/9 Bag,M., Name2, Name3 (2001) Article title,
 []

Extra height:0.0pt when 301.88844pt
(2)Left:301.88844pt Right:298.1259pt Output:301.88844pt
- LAST -
Extra skip:0.0pt
Left:301.88844pt
Right:298.1259pt
Output:301.88844pt
[3
Non-PDF special ignored!
<special> color push
Non-PDF special ignored!
<special> color gray 0
Non-PDF special ignored!
<special> color pop
Non-PDF special ignored!
<special> color push
Non-PDF special ignored!
<special> color gray 0
Non-PDF special ignored!
<special> color pop
Non-PDF special ignored!
<special> color push
Non-PDF special ignored!
<special> color gray 0
Non-PDF special ignored!
<special> color pop
Non-PDF special ignored!
<special> color push
Non-PDF special ignored!
<special> color gray 0
Non-PDF special ignored!
<special> color pop
Non-PDF special ignored!
<special> color push
Non-PDF special ignored!
<special> color gray 0
Non-PDF special ignored!
<special> color pop
Non-PDF special ignored!
<special> color push
Non-PDF special ignored!
<special> color gray 0
Non-PDF special ignored!
<special> color pop
Non-PDF special ignored!
<special> color push
Non-PDF special ignored!
<special> color gray 0
Non-PDF special ignored!
<special> color pop
Non-PDF special ignored!
<special> color push
Non-PDF special ignored!
<special> color gray 0
Non-PDF special ignored!
<special> color pop
] (./document.aux)

LaTeX Font Warning: Size substitutions with differences
(Font)              up to 0.5pt have occurred.

 ) 
Here is how much of TeX's memory you used:
 2193 strings out of 481775
 25456 string characters out of 5932103
 275831 words of memory out of 5000000
 17282 multiletter control sequences out of 15000+600000
 556854 words of font info for 76 fonts, out of 8000000 for 9000
 893 hyphenation exceptions out of 8191
 39i,11n,32p,334b,287s stack positions out of 5000i,500n,10000p,200000b,80000s
{/usr/share/texlive/texmf-dist/fonts/enc/dvips/base/8r.enc}</usr/share/texliv
e/texmf-dist/fonts/type1/public/amsfonts/cmextra/cmex9.pfb></usr/share/texlive/
texmf-dist/fonts/type1/public/amsfonts/cm/cmmi5.pfb></usr/share/texlive/texmf-d
ist/fonts/type1/public/amsfonts/cm/cmmi9.pfb></usr/share/texlive/texmf-dist/fon
ts/type1/public/amsfonts/cm/cmr6.pfb></usr/share/texlive/texmf-dist/fonts/type1
/public/amsfonts/cm/cmr9.pfb></usr/share/texlive/texmf-dist/fonts/type1/public/
amsfonts/cm/cmsy9.pfb></usr/share/texlive/texmf-dist/fonts/type1/urw/times/utmb
8a.pfb></usr/share/texlive/texmf-dist/fonts/type1/urw/times/utmr8a.pfb></usr/sh
are/texlive/texmf-dist/fonts/type1/urw/times/utmri8a.pfb>
Output written on document.pdf (3 pages, 88062 bytes).
PDF statistics:
 51 PDF objects out of 1000 (max. 8388607)
 36 compressed objects within 1 object stream
 0 named destinations out of 1000 (max. 500000)
 1 words of extra memory for PDF output out of 10000 (max. 10000000)

